2023-10-16T09:34:26.357+05:30  INFO 6452 --- [restartedMain] c.l.s.StockmanagementApplication         : Starting StockmanagementApplication using Java 17.0.6 with PID 6452 (D:\Github\stockbackend\stockmanagement\stockmanagement\target\classes started by linge in D:\Github\stockbackend)
2023-10-16T09:34:26.704+05:30  INFO 6452 --- [restartedMain] c.l.s.StockmanagementApplication         : No active profile set, falling back to 1 default profile: "default"
2023-10-16T09:34:29.765+05:30  INFO 6452 --- [restartedMain] .e.DevToolsPropertyDefaultsPostProcessor : Devtools property defaults active! Set 'spring.devtools.add-properties' to 'false' to disable
2023-10-16T09:34:29.768+05:30  INFO 6452 --- [restartedMain] .e.DevToolsPropertyDefaultsPostProcessor : For additional web related logging consider setting the 'logging.level.web' property to 'DEBUG'
2023-10-16T09:34:48.017+05:30  INFO 6452 --- [restartedMain] .s.d.r.c.RepositoryConfigurationDelegate : Bootstrapping Spring Data JPA repositories in DEFAULT mode.
2023-10-16T09:34:49.313+05:30  INFO 6452 --- [restartedMain] .s.d.r.c.RepositoryConfigurationDelegate : Finished Spring Data repository scanning in 1138 ms. Found 3 JPA repository interfaces.
2023-10-16T09:34:58.890+05:30  INFO 6452 --- [restartedMain] o.s.b.w.embedded.tomcat.TomcatWebServer  : Tomcat initialized with port(s): 8080 (http)
2023-10-16T09:34:59.807+05:30  INFO 6452 --- [restartedMain] o.apache.catalina.core.StandardService   : Starting service [Tomcat]
2023-10-16T09:34:59.807+05:30  INFO 6452 --- [restartedMain] o.apache.catalina.core.StandardEngine    : Starting Servlet engine: [Apache Tomcat/10.1.13]
2023-10-16T09:35:03.129+05:30  INFO 6452 --- [restartedMain] o.a.c.c.C.[Tomcat].[localhost].[/]       : Initializing Spring embedded WebApplicationContext
2023-10-16T09:35:03.129+05:30  INFO 6452 --- [restartedMain] w.s.c.ServletWebServerApplicationContext : Root WebApplicationContext: initialization completed in 33268 ms
2023-10-16T09:35:09.928+05:30  INFO 6452 --- [restartedMain] o.hibernate.jpa.internal.util.LogHelper  : HHH000204: Processing PersistenceUnitInfo [name: default]
2023-10-16T09:35:13.609+05:30  INFO 6452 --- [restartedMain] org.hibernate.Version                    : HHH000412: Hibernate ORM core version 6.2.9.Final
2023-10-16T09:35:13.732+05:30  INFO 6452 --- [restartedMain] org.hibernate.cfg.Environment            : HHH000406: Using bytecode reflection optimizer
2023-10-16T09:35:18.845+05:30  INFO 6452 --- [restartedMain] o.h.b.i.BytecodeProviderInitiator        : HHH000021: Bytecode provider name : bytebuddy
2023-10-16T09:35:23.163+05:30  INFO 6452 --- [restartedMain] o.s.o.j.p.SpringPersistenceUnitInfo      : No LoadTimeWeaver setup: ignoring JPA class transformer
2023-10-16T09:35:24.135+05:30  INFO 6452 --- [restartedMain] com.zaxxer.hikari.HikariDataSource       : HikariPool-1 - Starting...
2023-10-16T09:35:26.636+05:30  INFO 6452 --- [restartedMain] com.zaxxer.hikari.pool.HikariPool        : HikariPool-1 - Added connection com.mysql.cj.jdbc.ConnectionImpl@84fb8c4
2023-10-16T09:35:26.691+05:30  INFO 6452 --- [restartedMain] com.zaxxer.hikari.HikariDataSource       : HikariPool-1 - Start completed.
2023-10-16T09:35:29.312+05:30  WARN 6452 --- [restartedMain] org.hibernate.orm.deprecation            : HHH90000026: MySQL8Dialect has been deprecated; use org.hibernate.dialect.MySQLDialect instead
2023-10-16T09:35:33.416+05:30  INFO 6452 --- [restartedMain] o.h.b.i.BytecodeProviderInitiator        : HHH000021: Bytecode provider name : bytebuddy
2023-10-16T09:35:40.873+05:30  INFO 6452 --- [restartedMain] o.h.e.t.j.p.i.JtaPlatformInitiator       : HHH000490: Using JtaPlatform implementation: [org.hibernate.engine.transaction.jta.platform.internal.NoJtaPlatform]
2023-10-16T09:35:41.893+05:30  INFO 6452 --- [restartedMain] j.LocalContainerEntityManagerFactoryBean : Initialized JPA EntityManagerFactory for persistence unit 'default'
2023-10-16T09:35:55.177+05:30  WARN 6452 --- [restartedMain] JpaBaseConfiguration$JpaWebConfiguration : spring.jpa.open-in-view is enabled by default. Therefore, database queries may be performed during view rendering. Explicitly configure spring.jpa.open-in-view to disable this warning
2023-10-16T09:36:00.575+05:30  INFO 6452 --- [restartedMain] o.s.b.a.e.web.EndpointLinksResolver      : Exposing 1 endpoint(s) beneath base path '/actuator'
2023-10-16T09:36:01.270+05:30  INFO 6452 --- [restartedMain] o.s.s.web.DefaultSecurityFilterChain     : Will secure any request with [org.springframework.security.web.session.DisableEncodeUrlFilter@486bb329, org.springframework.security.web.context.request.async.WebAsyncManagerIntegrationFilter@9b1e316, org.springframework.security.web.context.SecurityContextHolderFilter@3684f143, org.springframework.security.web.header.HeaderWriterFilter@1767c723, org.springframework.web.filter.CorsFilter@5c8545d1, org.springframework.security.web.authentication.logout.LogoutFilter@6e4af0e2, com.lingesh.stockmanagement.config.JwtAuthenticationFilter@1a37c5c1, org.springframework.security.web.savedrequest.RequestCacheAwareFilter@249fbd4f, org.springframework.security.web.servletapi.SecurityContextHolderAwareRequestFilter@19a2d8af, org.springframework.security.web.authentication.AnonymousAuthenticationFilter@1c1146fd, org.springframework.security.web.session.SessionManagementFilter@419c52f7, org.springframework.security.web.access.ExceptionTranslationFilter@158ece66, org.springframework.security.web.access.intercept.AuthorizationFilter@708c270]
2023-10-16T09:36:06.515+05:30  WARN 6452 --- [restartedMain] o.s.b.d.a.OptionalLiveReloadServer       : Unable to start LiveReload server
2023-10-16T09:36:07.876+05:30  INFO 6452 --- [restartedMain] o.s.b.w.embedded.tomcat.TomcatWebServer  : Tomcat started on port(s): 8080 (http) with context path ''
2023-10-16T09:36:08.111+05:30  INFO 6452 --- [restartedMain] c.l.s.StockmanagementApplication         : Started StockmanagementApplication in 111.332 seconds (process running for 122.329)
