2023-10-11T09:23:07.287+05:30  INFO 1100 --- [restartedMain] c.l.s.StockmanagementApplication         : Starting StockmanagementApplication using Java 17.0.6 with PID 1100 (D:\Github\stockmanagement\stockmanagement\target\classes started by linge in D:\Github\stockmanagement\stockmanagement)
2023-10-11T09:23:07.683+05:30  INFO 1100 --- [restartedMain] c.l.s.StockmanagementApplication         : No active profile set, falling back to 1 default profile: "default"
2023-10-11T09:23:09.924+05:30  INFO 1100 --- [restartedMain] .e.DevToolsPropertyDefaultsPostProcessor : Devtools property defaults active! Set 'spring.devtools.add-properties' to 'false' to disable
2023-10-11T09:23:10.043+05:30  INFO 1100 --- [restartedMain] .e.DevToolsPropertyDefaultsPostProcessor : For additional web related logging consider setting the 'logging.level.web' property to 'DEBUG'
2023-10-11T09:23:35.610+05:30  INFO 1100 --- [restartedMain] .s.d.r.c.RepositoryConfigurationDelegate : Bootstrapping Spring Data JPA repositories in DEFAULT mode.
2023-10-11T09:23:36.958+05:30  INFO 1100 --- [restartedMain] .s.d.r.c.RepositoryConfigurationDelegate : Finished Spring Data repository scanning in 1019 ms. Found 3 JPA repository interfaces.
2023-10-11T09:23:58.933+05:30  INFO 1100 --- [restartedMain] o.s.b.w.embedded.tomcat.TomcatWebServer  : Tomcat initialized with port(s): 8080 (http)
2023-10-11T09:23:59.511+05:30  INFO 1100 --- [restartedMain] o.apache.catalina.core.StandardService   : Starting service [Tomcat]
2023-10-11T09:23:59.634+05:30  INFO 1100 --- [restartedMain] o.apache.catalina.core.StandardEngine    : Starting Servlet engine: [Apache Tomcat/10.1.13]
2023-10-11T09:24:03.512+05:30  INFO 1100 --- [restartedMain] o.a.c.c.C.[Tomcat].[localhost].[/]       : Initializing Spring embedded WebApplicationContext
2023-10-11T09:24:03.520+05:30  INFO 1100 --- [restartedMain] w.s.c.ServletWebServerApplicationContext : Root WebApplicationContext: initialization completed in 53401 ms
2023-10-11T09:24:11.496+05:30  INFO 1100 --- [restartedMain] o.hibernate.jpa.internal.util.LogHelper  : HHH000204: Processing PersistenceUnitInfo [name: default]
2023-10-11T09:24:13.546+05:30  INFO 1100 --- [restartedMain] org.hibernate.Version                    : HHH000412: Hibernate ORM core version 6.2.9.Final
2023-10-11T09:24:13.898+05:30  INFO 1100 --- [restartedMain] org.hibernate.cfg.Environment            : HHH000406: Using bytecode reflection optimizer
2023-10-11T09:24:19.246+05:30  INFO 1100 --- [restartedMain] o.h.b.i.BytecodeProviderInitiator        : HHH000021: Bytecode provider name : bytebuddy
2023-10-11T09:24:22.238+05:30  INFO 1100 --- [restartedMain] o.s.o.j.p.SpringPersistenceUnitInfo      : No LoadTimeWeaver setup: ignoring JPA class transformer
2023-10-11T09:24:22.596+05:30  INFO 1100 --- [restartedMain] com.zaxxer.hikari.HikariDataSource       : HikariPool-1 - Starting...
2023-10-11T09:24:41.720+05:30  INFO 1100 --- [restartedMain] com.zaxxer.hikari.pool.HikariPool        : HikariPool-1 - Added connection com.mysql.cj.jdbc.ConnectionImpl@7ddfadcb
2023-10-11T09:24:41.815+05:30  INFO 1100 --- [restartedMain] com.zaxxer.hikari.HikariDataSource       : HikariPool-1 - Start completed.
2023-10-11T09:24:47.881+05:30  WARN 1100 --- [restartedMain] org.hibernate.orm.deprecation            : HHH90000026: MySQL8Dialect has been deprecated; use org.hibernate.dialect.MySQLDialect instead
2023-10-11T09:24:53.272+05:30  INFO 1100 --- [restartedMain] o.h.b.i.BytecodeProviderInitiator        : HHH000021: Bytecode provider name : bytebuddy
2023-10-11T09:25:20.231+05:30  INFO 1100 --- [restartedMain] o.h.e.t.j.p.i.JtaPlatformInitiator       : HHH000490: Using JtaPlatform implementation: [org.hibernate.engine.transaction.jta.platform.internal.NoJtaPlatform]
2023-10-11T09:25:25.687+05:30  INFO 1100 --- [restartedMain] j.LocalContainerEntityManagerFactoryBean : Initialized JPA EntityManagerFactory for persistence unit 'default'
2023-10-11T09:25:37.762+05:30  WARN 1100 --- [restartedMain] JpaBaseConfiguration$JpaWebConfiguration : spring.jpa.open-in-view is enabled by default. Therefore, database queries may be performed during view rendering. Explicitly configure spring.jpa.open-in-view to disable this warning
2023-10-11T09:25:43.974+05:30  INFO 1100 --- [restartedMain] o.s.b.a.e.web.EndpointLinksResolver      : Exposing 1 endpoint(s) beneath base path '/actuator'
2023-10-11T09:25:44.434+05:30  INFO 1100 --- [restartedMain] o.s.s.web.DefaultSecurityFilterChain     : Will secure any request with [org.springframework.security.web.session.DisableEncodeUrlFilter@4fb0eb82, org.springframework.security.web.context.request.async.WebAsyncManagerIntegrationFilter@76c4df76, org.springframework.security.web.context.SecurityContextHolderFilter@1767c723, org.springframework.security.web.header.HeaderWriterFilter@3109fb3b, org.springframework.web.filter.CorsFilter@1d1295b2, org.springframework.security.web.authentication.logout.LogoutFilter@6b6ec4e9, com.lingesh.stockmanagement.config.JwtAuthenticationFilter@6fbdf447, org.springframework.security.web.savedrequest.RequestCacheAwareFilter@62516f07, org.springframework.security.web.servletapi.SecurityContextHolderAwareRequestFilter@13228457, org.springframework.security.web.authentication.AnonymousAuthenticationFilter@58fba1f9, org.springframework.security.web.session.SessionManagementFilter@3985e77e, org.springframework.security.web.access.ExceptionTranslationFilter@500f6d1c, org.springframework.security.web.access.intercept.AuthorizationFilter@6e4af0e2]
2023-10-11T09:25:47.868+05:30  INFO 1100 --- [restartedMain] o.s.b.d.a.OptionalLiveReloadServer       : LiveReload server is running on port 35729
2023-10-11T09:25:49.787+05:30  INFO 1100 --- [restartedMain] o.s.b.w.embedded.tomcat.TomcatWebServer  : Tomcat started on port(s): 8080 (http) with context path ''
2023-10-11T09:25:49.954+05:30  INFO 1100 --- [restartedMain] c.l.s.StockmanagementApplication         : Started StockmanagementApplication in 174.926 seconds (process running for 195.504)
